2026-03-23 02:12 - Orchestrator started
2026-03-23 02:42 - Orchestrator started
2026-03-23 02:51 - Orchestrator started
2026-03-23 02:51 - Started processing: FILE_watcher_test_file.txt_2026-03-23_02-50-39.md (type: file_drop)
2026-03-23 02:57 - Orchestrator started
2026-03-23 02:59 - Orchestrator started
2026-03-23 03:13 - Orchestrator stopped
2026-03-23 03:13 - Orchestrator started
2026-03-23 03:19 - Orchestrator stopped
2026-03-23 03:20 - Orchestrator started
2026-03-23 03:20 - Started processing: FILE_test-file.md_2026-03-23_03-20-49.md (type: file_drop)
2026-03-23 15:44 - Orchestrator stopped
2026-03-23 15:44 - Orchestrator started
2026-03-23 15:56 - Orchestrator started
2026-03-23 15:57 - Orchestrator stopped
2026-03-23 15:58 - Orchestrator started
2026-03-23 16:23 - Orchestrator stopped
2026-03-23 16:23 - Orchestrator started
2026-03-23 16:26 - Orchestrator started
2026-03-23 16:27 - Started processing: FILE_direct_test_file.txt_2026-03-23_16-27-21.md (type: file_drop)
2026-03-23 16:29 - Orchestrator started
2026-03-23 16:29 - Started processing: FILE_test_employee_001.txt_2026-03-23_16-29-11.md (type: file_drop)
